{"C:\\Users\\mervamsi\\Desktop\\NodeJS_Assignment\\src\\app.ts": {"path":"C:\\Users\\mervamsi\\Desktop\\NodeJS_Assignment\\src\\app.ts","statementMap":{"0":{"start":{"line":1,"column":0},"end":{"line":1,"column":30}},"1":{"start":{"line":2,"column":0},"end":{"line":2,"column":37}},"2":{"start":{"line":3,"column":0},"end":{"line":3,"column":43}},"3":{"start":{"line":4,"column":0},"end":{"line":4,"column":46}},"4":{"start":{"line":5,"column":0},"end":{"line":5,"column":45}},"5":{"start":{"line":6,"column":0},"end":{"line":6,"column":41}},"6":{"start":{"line":7,"column":0},"end":{"line":7,"column":43}},"7":{"start":{"line":8,"column":0},"end":{"line":8,"column":38}},"8":{"start":{"line":9,"column":0},"end":{"line":9,"column":62}},"9":{"start":{"line":10,"column":12},"end":{"line":10,"column":21}},"10":{"start":{"line":12,"column":0},"end":{"line":12,"column":27}},"11":{"start":{"line":14,"column":0},"end":{"line":14,"column":78}},"12":{"start":{"line":16,"column":0},"end":{"line":16,"column":30}},"13":{"start":{"line":19,"column":0},"end":{"line":19,"column":24}},"14":{"start":{"line":20,"column":0},"end":{"line":20,"column":20}},"15":{"start":{"line":22,"column":0},"end":{"line":22,"column":16}},"16":{"start":{"line":24,"column":0},"end":{"line":24,"column":17}},"17":{"start":{"line":26,"column":0},"end":{"line":26,"column":19}}},"fnMap":{},"branchMap":{},"s":{"0":1,"1":1,"2":1,"3":1,"4":1,"5":1,"6":1,"7":1,"8":1,"9":1,"10":1,"11":1,"12":1,"13":1,"14":1,"15":1,"16":1,"17":1},"f":{},"b":{}}
,"C:\\Users\\mervamsi\\Desktop\\NodeJS_Assignment\\src\\logger.ts": {"path":"C:\\Users\\mervamsi\\Desktop\\NodeJS_Assignment\\src\\logger.ts","statementMap":{"0":{"start":{"line":1,"column":0},"end":{"line":1,"column":57}},"1":{"start":{"line":3,"column":21},"end":{"line":5,"column":3}},"2":{"start":{"line":4,"column":4},"end":{"line":4,"column":null}},"3":{"start":{"line":7,"column":15},"end":{"line":13,"column":2}},"4":{"start":{"line":15,"column":0},"end":{"line":15,"column":22}}},"fnMap":{"0":{"name":"(anonymous_0)","decl":{"start":{"line":3,"column":69},"end":{"line":3,"column":70}},"loc":{"start":{"line":3,"column":77},"end":{"line":5,"column":1}}}},"branchMap":{},"s":{"0":1,"1":1,"2":5,"3":1,"4":1},"f":{"0":5},"b":{}}
,"C:\\Users\\mervamsi\\Desktop\\NodeJS_Assignment\\src\\config\\config.ts": {"path":"C:\\Users\\mervamsi\\Desktop\\NodeJS_Assignment\\src\\config\\config.ts","statementMap":{"0":{"start":{"line":1,"column":13},"end":{"line":1,"column":55}},"1":{"start":{"line":2,"column":13},"end":{"line":2,"column":76}},"2":{"start":{"line":3,"column":13},"end":{"line":3,"column":64}}},"fnMap":{},"branchMap":{},"s":{"0":3,"1":3,"2":3},"f":{},"b":{}}
,"C:\\Users\\mervamsi\\Desktop\\NodeJS_Assignment\\src\\controllers\\guest\\guestController.ts": {"path":"C:\\Users\\mervamsi\\Desktop\\NodeJS_Assignment\\src\\controllers\\guest\\guestController.ts","statementMap":{"0":{"start":{"line":2,"column":0},"end":{"line":2,"column":34}},"1":{"start":{"line":5,"column":0},"end":{"line":5,"column":63}},"2":{"start":{"line":6,"column":0},"end":{"line":6,"column":64}},"3":{"start":{"line":15,"column":27},"end":{"line":53,"column":null}},"4":{"start":{"line":15,"column":79},"end":{"line":53,"column":null}},"5":{"start":{"line":16,"column":16},"end":{"line":16,"column":47}},"6":{"start":{"line":17,"column":2},"end":{"line":24,"column":null}},"7":{"start":{"line":18,"column":4},"end":{"line":18,"column":61}},"8":{"start":{"line":19,"column":4},"end":{"line":19,"column":86}},"9":{"start":{"line":21,"column":7},"end":{"line":24,"column":null}},"10":{"start":{"line":22,"column":3},"end":{"line":22,"column":45}},"11":{"start":{"line":23,"column":3},"end":{"line":23,"column":70}},"12":{"start":{"line":26,"column":2},"end":{"line":52,"column":null}},"13":{"start":{"line":28,"column":29},"end":{"line":28,"column":56}},"14":{"start":{"line":29,"column":4},"end":{"line":34,"column":null}},"15":{"start":{"line":30,"column":6},"end":{"line":30,"column":87}},"16":{"start":{"line":31,"column":6},"end":{"line":33,"column":9}},"17":{"start":{"line":37,"column":34},"end":{"line":37,"column":66}},"18":{"start":{"line":38,"column":4},"end":{"line":41,"column":null}},"19":{"start":{"line":39,"column":6},"end":{"line":39,"column":35}},"20":{"start":{"line":40,"column":6},"end":{"line":40,"column":67}},"21":{"start":{"line":42,"column":4},"end":{"line":45,"column":7}},"22":{"start":{"line":47,"column":4},"end":{"line":47,"column":22}},"23":{"start":{"line":48,"column":4},"end":{"line":50,"column":null}},"24":{"start":{"line":49,"column":6},"end":{"line":49,"column":27}},"25":{"start":{"line":51,"column":4},"end":{"line":51,"column":14}},"26":{"start":{"line":15,"column":13},"end":{"line":15,"column":27}}},"fnMap":{"0":{"name":"(anonymous_8)","decl":{"start":{"line":15,"column":27},"end":{"line":15,"column":34}},"loc":{"start":{"line":15,"column":79},"end":{"line":53,"column":null}}},"1":{"name":"(anonymous_9)","decl":{"start":{"line":15,"column":79},"end":{"line":15,"column":null}},"loc":{"start":{"line":15,"column":79},"end":{"line":53,"column":1}}}},"branchMap":{"0":{"loc":{"start":{"line":17,"column":2},"end":{"line":24,"column":null}},"type":"if","locations":[{"start":{"line":17,"column":2},"end":{"line":24,"column":null}},{"start":{"line":21,"column":7},"end":{"line":24,"column":null}}]},"1":{"loc":{"start":{"line":17,"column":5},"end":{"line":17,"column":50}},"type":"binary-expr","locations":[{"start":{"line":17,"column":5},"end":{"line":17,"column":17}},{"start":{"line":17,"column":21},"end":{"line":17,"column":32}},{"start":{"line":17,"column":36},"end":{"line":17,"column":50}}]},"2":{"loc":{"start":{"line":21,"column":7},"end":{"line":24,"column":null}},"type":"if","locations":[{"start":{"line":21,"column":7},"end":{"line":24,"column":null}}]},"3":{"loc":{"start":{"line":21,"column":10},"end":{"line":21,"column":56}},"type":"binary-expr","locations":[{"start":{"line":21,"column":11},"end":{"line":21,"column":23}},{"start":{"line":21,"column":27},"end":{"line":21,"column":38}},{"start":{"line":21,"column":42},"end":{"line":21,"column":56}}]},"4":{"loc":{"start":{"line":29,"column":4},"end":{"line":34,"column":null}},"type":"if","locations":[{"start":{"line":29,"column":4},"end":{"line":34,"column":null}}]},"5":{"loc":{"start":{"line":38,"column":4},"end":{"line":41,"column":null}},"type":"if","locations":[{"start":{"line":38,"column":4},"end":{"line":41,"column":null}}]},"6":{"loc":{"start":{"line":48,"column":4},"end":{"line":50,"column":null}},"type":"if","locations":[{"start":{"line":48,"column":4},"end":{"line":50,"column":null}}]}},"s":{"0":1,"1":1,"2":1,"3":1,"4":7,"5":7,"6":7,"7":1,"8":1,"9":6,"10":1,"11":1,"12":5,"13":5,"14":4,"15":1,"16":1,"17":3,"18":3,"19":1,"20":1,"21":2,"22":1,"23":1,"24":1,"25":1,"26":1},"f":{"0":7,"1":7},"b":{"0":[1,6],"1":[7,5,5],"2":[1],"3":[6,2,5],"4":[1],"5":[1],"6":[1]}}
,"C:\\Users\\mervamsi\\Desktop\\NodeJS_Assignment\\src\\controllers\\user\\locationController.ts": {"path":"C:\\Users\\mervamsi\\Desktop\\NodeJS_Assignment\\src\\controllers\\user\\locationController.ts","statementMap":{"0":{"start":{"line":4,"column":0},"end":{"line":4,"column":70}},"1":{"start":{"line":5,"column":0},"end":{"line":5,"column":63}},"2":{"start":{"line":8,"column":28},"end":{"line":45,"column":null}},"3":{"start":{"line":8,"column":80},"end":{"line":45,"column":null}},"4":{"start":{"line":9,"column":21},"end":{"line":11,"column":61}},"5":{"start":{"line":11,"column":22},"end":{"line":11,"column":60}},"6":{"start":{"line":12,"column":2},"end":{"line":14,"column":null}},"7":{"start":{"line":13,"column":4},"end":{"line":13,"column":63}},"8":{"start":{"line":15,"column":16},"end":{"line":15,"column":47}},"9":{"start":{"line":16,"column":2},"end":{"line":21,"column":null}},"10":{"start":{"line":17,"column":4},"end":{"line":17,"column":86}},"11":{"start":{"line":19,"column":7},"end":{"line":21,"column":null}},"12":{"start":{"line":20,"column":3},"end":{"line":20,"column":70}},"13":{"start":{"line":22,"column":22},"end":{"line":22,"column":49}},"14":{"start":{"line":24,"column":2},"end":{"line":28,"column":null}},"15":{"start":{"line":25,"column":4},"end":{"line":27,"column":7}},"16":{"start":{"line":29,"column":27},"end":{"line":32,"column":4}},"17":{"start":{"line":33,"column":24},"end":{"line":33,"column":59}},"18":{"start":{"line":35,"column":2},"end":{"line":41,"column":null}},"19":{"start":{"line":35,"column":12},"end":{"line":35,"column":13}},"20":{"start":{"line":36,"column":4},"end":{"line":40,"column":null}},"21":{"start":{"line":37,"column":6},"end":{"line":39,"column":10}},"22":{"start":{"line":43,"column":2},"end":{"line":43,"column":56}},"23":{"start":{"line":44,"column":2},"end":{"line":44,"column":107}},"24":{"start":{"line":8,"column":13},"end":{"line":8,"column":28}},"25":{"start":{"line":47,"column":28},"end":{"line":69,"column":1}},"26":{"start":{"line":48,"column":21},"end":{"line":49,"column":102}},"27":{"start":{"line":49,"column":63},"end":{"line":49,"column":101}},"28":{"start":{"line":50,"column":2},"end":{"line":52,"column":null}},"29":{"start":{"line":51,"column":4},"end":{"line":51,"column":63}},"30":{"start":{"line":53,"column":2},"end":{"line":55,"column":null}},"31":{"start":{"line":54,"column":4},"end":{"line":54,"column":130}},"32":{"start":{"line":56,"column":17},"end":{"line":56,"column":34}},"33":{"start":{"line":57,"column":22},"end":{"line":57,"column":57}},"34":{"start":{"line":58,"column":19},"end":{"line":59,"column":72}},"35":{"start":{"line":58,"column":57},"end":{"line":59,"column":71}},"36":{"start":{"line":60,"column":2},"end":{"line":62,"column":null}},"37":{"start":{"line":61,"column":4},"end":{"line":61,"column":72}},"38":{"start":{"line":63,"column":2},"end":{"line":66,"column":null}},"39":{"start":{"line":65,"column":4},"end":{"line":65,"column":58}},"40":{"start":{"line":67,"column":2},"end":{"line":67,"column":50}},"41":{"start":{"line":68,"column":2},"end":{"line":68,"column":129}},"42":{"start":{"line":47,"column":13},"end":{"line":47,"column":28}},"43":{"start":{"line":71,"column":32},"end":{"line":90,"column":1}},"44":{"start":{"line":73,"column":21},"end":{"line":73,"column":118}},"45":{"start":{"line":73,"column":79},"end":{"line":73,"column":117}},"46":{"start":{"line":74,"column":2},"end":{"line":76,"column":null}},"47":{"start":{"line":75,"column":4},"end":{"line":75,"column":63}},"48":{"start":{"line":77,"column":17},"end":{"line":77,"column":34}},"49":{"start":{"line":78,"column":24},"end":{"line":81,"column":4}},"50":{"start":{"line":82,"column":23},"end":{"line":83,"column":81}},"51":{"start":{"line":83,"column":25},"end":{"line":83,"column":79}},"52":{"start":{"line":85,"column":2},"end":{"line":87,"column":null}},"53":{"start":{"line":86,"column":4},"end":{"line":86,"column":72}},"54":{"start":{"line":88,"column":2},"end":{"line":88,"column":52}},"55":{"start":{"line":89,"column":2},"end":{"line":89,"column":113}},"56":{"start":{"line":71,"column":13},"end":{"line":71,"column":32}}},"fnMap":{"0":{"name":"(anonymous_7)","decl":{"start":{"line":8,"column":28},"end":{"line":8,"column":34}},"loc":{"start":{"line":8,"column":80},"end":{"line":45,"column":null}}},"1":{"name":"(anonymous_8)","decl":{"start":{"line":8,"column":80},"end":{"line":8,"column":null}},"loc":{"start":{"line":8,"column":80},"end":{"line":45,"column":1}}},"2":{"name":"(anonymous_9)","decl":{"start":{"line":10,"column":22},"end":{"line":10,"column":23}},"loc":{"start":{"line":11,"column":22},"end":{"line":11,"column":60}}},"3":{"name":"(anonymous_10)","decl":{"start":{"line":47,"column":28},"end":{"line":47,"column":29}},"loc":{"start":{"line":47,"column":57},"end":{"line":69,"column":1}}},"4":{"name":"(anonymous_11)","decl":{"start":{"line":49,"column":30},"end":{"line":49,"column":31}},"loc":{"start":{"line":49,"column":63},"end":{"line":49,"column":101}}},"5":{"name":"(anonymous_12)","decl":{"start":{"line":58,"column":40},"end":{"line":58,"column":41}},"loc":{"start":{"line":58,"column":57},"end":{"line":59,"column":71}}},"6":{"name":"(anonymous_13)","decl":{"start":{"line":71,"column":32},"end":{"line":71,"column":33}},"loc":{"start":{"line":71,"column":60},"end":{"line":90,"column":1}}},"7":{"name":"(anonymous_14)","decl":{"start":{"line":73,"column":46},"end":{"line":73,"column":47}},"loc":{"start":{"line":73,"column":79},"end":{"line":73,"column":117}}},"8":{"name":"(anonymous_15)","decl":{"start":{"line":83,"column":7},"end":{"line":83,"column":8}},"loc":{"start":{"line":83,"column":25},"end":{"line":83,"column":79}}}},"branchMap":{"0":{"loc":{"start":{"line":12,"column":2},"end":{"line":14,"column":null}},"type":"if","locations":[{"start":{"line":12,"column":2},"end":{"line":14,"column":null}}]},"1":{"loc":{"start":{"line":16,"column":2},"end":{"line":21,"column":null}},"type":"if","locations":[{"start":{"line":16,"column":2},"end":{"line":21,"column":null}},{"start":{"line":19,"column":7},"end":{"line":21,"column":null}}]},"2":{"loc":{"start":{"line":16,"column":5},"end":{"line":16,"column":50}},"type":"binary-expr","locations":[{"start":{"line":16,"column":5},"end":{"line":16,"column":17}},{"start":{"line":16,"column":21},"end":{"line":16,"column":32}},{"start":{"line":16,"column":36},"end":{"line":16,"column":50}}]},"3":{"loc":{"start":{"line":19,"column":7},"end":{"line":21,"column":null}},"type":"if","locations":[{"start":{"line":19,"column":7},"end":{"line":21,"column":null}}]},"4":{"loc":{"start":{"line":19,"column":10},"end":{"line":19,"column":56}},"type":"binary-expr","locations":[{"start":{"line":19,"column":11},"end":{"line":19,"column":23}},{"start":{"line":19,"column":27},"end":{"line":19,"column":38}},{"start":{"line":19,"column":42},"end":{"line":19,"column":56}}]},"5":{"loc":{"start":{"line":24,"column":2},"end":{"line":28,"column":null}},"type":"if","locations":[{"start":{"line":24,"column":2},"end":{"line":28,"column":null}}]},"6":{"loc":{"start":{"line":36,"column":4},"end":{"line":40,"column":null}},"type":"if","locations":[{"start":{"line":36,"column":4},"end":{"line":40,"column":null}}]},"7":{"loc":{"start":{"line":36,"column":7},"end":{"line":36,"column":87}},"type":"binary-expr","locations":[{"start":{"line":36,"column":7},"end":{"line":36,"column":45}},{"start":{"line":36,"column":49},"end":{"line":36,"column":87}}]},"8":{"loc":{"start":{"line":50,"column":2},"end":{"line":52,"column":null}},"type":"if","locations":[{"start":{"line":50,"column":2},"end":{"line":52,"column":null}}]},"9":{"loc":{"start":{"line":53,"column":2},"end":{"line":55,"column":null}},"type":"if","locations":[{"start":{"line":53,"column":2},"end":{"line":55,"column":null}}]},"10":{"loc":{"start":{"line":58,"column":59},"end":{"line":59,"column":70}},"type":"binary-expr","locations":[{"start":{"line":58,"column":59},"end":{"line":58,"column":84}},{"start":{"line":59,"column":45},"end":{"line":59,"column":70}}]},"11":{"loc":{"start":{"line":60,"column":2},"end":{"line":62,"column":null}},"type":"if","locations":[{"start":{"line":60,"column":2},"end":{"line":62,"column":null}}]},"12":{"loc":{"start":{"line":63,"column":2},"end":{"line":66,"column":null}},"type":"if","locations":[{"start":{"line":63,"column":2},"end":{"line":66,"column":null}}]},"13":{"loc":{"start":{"line":63,"column":5},"end":{"line":64,"column":63}},"type":"binary-expr","locations":[{"start":{"line":63,"column":5},"end":{"line":63,"column":62}},{"start":{"line":64,"column":7},"end":{"line":64,"column":63}}]},"14":{"loc":{"start":{"line":74,"column":2},"end":{"line":76,"column":null}},"type":"if","locations":[{"start":{"line":74,"column":2},"end":{"line":76,"column":null}}]},"15":{"loc":{"start":{"line":83,"column":25},"end":{"line":83,"column":79}},"type":"binary-expr","locations":[{"start":{"line":83,"column":25},"end":{"line":83,"column":50}},{"start":{"line":83,"column":54},"end":{"line":83,"column":79}}]},"16":{"loc":{"start":{"line":85,"column":2},"end":{"line":87,"column":null}},"type":"if","locations":[{"start":{"line":85,"column":2},"end":{"line":87,"column":null}}]}},"s":{"0":1,"1":1,"2":1,"3":0,"4":0,"5":0,"6":0,"7":0,"8":0,"9":0,"10":0,"11":0,"12":0,"13":0,"14":0,"15":0,"16":0,"17":0,"18":0,"19":0,"20":0,"21":0,"22":0,"23":0,"24":1,"25":1,"26":0,"27":0,"28":0,"29":0,"30":0,"31":0,"32":0,"33":0,"34":0,"35":0,"36":0,"37":0,"38":0,"39":0,"40":0,"41":0,"42":1,"43":1,"44":0,"45":0,"46":0,"47":0,"48":0,"49":0,"50":0,"51":0,"52":0,"53":0,"54":0,"55":0,"56":1},"f":{"0":0,"1":0,"2":0,"3":0,"4":0,"5":0,"6":0,"7":0,"8":0},"b":{"0":[0],"1":[0,0],"2":[0,0,0],"3":[0],"4":[0,0,0],"5":[0],"6":[0],"7":[0,0],"8":[0],"9":[0],"10":[0,0],"11":[0],"12":[0],"13":[0,0],"14":[0],"15":[0,0],"16":[0]}}
,"C:\\Users\\mervamsi\\Desktop\\NodeJS_Assignment\\src\\controllers\\user\\userController.ts": {"path":"C:\\Users\\mervamsi\\Desktop\\NodeJS_Assignment\\src\\controllers\\user\\userController.ts","statementMap":{"0":{"start":{"line":1,"column":0},"end":{"line":1,"column":31}},"1":{"start":{"line":5,"column":0},"end":{"line":5,"column":64}},"2":{"start":{"line":6,"column":0},"end":{"line":6,"column":70}},"3":{"start":{"line":13,"column":34},"end":{"line":45,"column":null}},"4":{"start":{"line":13,"column":85},"end":{"line":45,"column":null}},"5":{"start":{"line":14,"column":21},"end":{"line":16,"column":null}},"6":{"start":{"line":16,"column":34},"end":{"line":16,"column":85}},"7":{"start":{"line":18,"column":2},"end":{"line":20,"column":null}},"8":{"start":{"line":19,"column":4},"end":{"line":19,"column":63}},"9":{"start":{"line":21,"column":25},"end":{"line":21,"column":60}},"10":{"start":{"line":22,"column":36},"end":{"line":22,"column":38}},"11":{"start":{"line":23,"column":2},"end":{"line":43,"column":null}},"12":{"start":{"line":23,"column":12},"end":{"line":23,"column":13}},"13":{"start":{"line":24,"column":4},"end":{"line":42,"column":7}},"14":{"start":{"line":25,"column":22},"end":{"line":25,"column":37}},"15":{"start":{"line":28,"column":8},"end":{"line":30,"column":null}},"16":{"start":{"line":29,"column":10},"end":{"line":29,"column":71}},"17":{"start":{"line":31,"column":8},"end":{"line":35,"column":11}},"18":{"start":{"line":38,"column":6},"end":{"line":40,"column":null}},"19":{"start":{"line":39,"column":8},"end":{"line":39,"column":29}},"20":{"start":{"line":41,"column":6},"end":{"line":41,"column":16}},"21":{"start":{"line":44,"column":2},"end":{"line":44,"column":84}},"22":{"start":{"line":13,"column":13},"end":{"line":13,"column":34}},"23":{"start":{"line":47,"column":31},"end":{"line":93,"column":null}},"24":{"start":{"line":47,"column":84},"end":{"line":93,"column":null}},"25":{"start":{"line":49,"column":21},"end":{"line":51,"column":null}},"26":{"start":{"line":51,"column":22},"end":{"line":51,"column":73}},"27":{"start":{"line":53,"column":2},"end":{"line":55,"column":null}},"28":{"start":{"line":54,"column":4},"end":{"line":54,"column":63}},"29":{"start":{"line":57,"column":27},"end":{"line":57,"column":65}},"30":{"start":{"line":58,"column":16},"end":{"line":58,"column":32}},"31":{"start":{"line":60,"column":2},"end":{"line":66,"column":null}},"32":{"start":{"line":61,"column":25},"end":{"line":62,"column":81}},"33":{"start":{"line":62,"column":27},"end":{"line":62,"column":79}},"34":{"start":{"line":63,"column":4},"end":{"line":65,"column":null}},"35":{"start":{"line":64,"column":6},"end":{"line":64,"column":74}},"36":{"start":{"line":68,"column":32},"end":{"line":88,"column":24}},"37":{"start":{"line":70,"column":40},"end":{"line":70,"column":55}},"38":{"start":{"line":72,"column":35},"end":{"line":72,"column":49}},"39":{"start":{"line":74,"column":24},"end":{"line":76,"column":null}},"40":{"start":{"line":75,"column":26},"end":{"line":75,"column":47}},"41":{"start":{"line":77,"column":24},"end":{"line":77,"column":34}},"42":{"start":{"line":80,"column":40},"end":{"line":80,"column":55}},"43":{"start":{"line":82,"column":35},"end":{"line":82,"column":49}},"44":{"start":{"line":84,"column":24},"end":{"line":86,"column":null}},"45":{"start":{"line":85,"column":26},"end":{"line":85,"column":47}},"46":{"start":{"line":87,"column":24},"end":{"line":87,"column":34}},"47":{"start":{"line":89,"column":2},"end":{"line":91,"column":null}},"48":{"start":{"line":90,"column":5},"end":{"line":90,"column":66}},"49":{"start":{"line":92,"column":2},"end":{"line":92,"column":81}},"50":{"start":{"line":47,"column":13},"end":{"line":47,"column":31}}},"fnMap":{"0":{"name":"(anonymous_8)","decl":{"start":{"line":13,"column":34},"end":{"line":13,"column":40}},"loc":{"start":{"line":13,"column":85},"end":{"line":45,"column":null}}},"1":{"name":"(anonymous_9)","decl":{"start":{"line":13,"column":85},"end":{"line":13,"column":null}},"loc":{"start":{"line":13,"column":85},"end":{"line":45,"column":1}}},"2":{"name":"(anonymous_10)","decl":{"start":{"line":15,"column":34},"end":{"line":15,"column":35}},"loc":{"start":{"line":16,"column":34},"end":{"line":16,"column":85}}},"3":{"name":"(anonymous_11)","decl":{"start":{"line":25,"column":10},"end":{"line":25,"column":18}},"loc":{"start":{"line":25,"column":22},"end":{"line":25,"column":37}}},"4":{"name":"(anonymous_12)","decl":{"start":{"line":27,"column":6},"end":{"line":27,"column":7}},"loc":{"start":{"line":27,"column":31},"end":{"line":36,"column":7}}},"5":{"name":"(anonymous_13)","decl":{"start":{"line":37,"column":12},"end":{"line":37,"column":15}},"loc":{"start":{"line":37,"column":18},"end":{"line":42,"column":5}}},"6":{"name":"(anonymous_14)","decl":{"start":{"line":47,"column":31},"end":{"line":47,"column":38}},"loc":{"start":{"line":47,"column":84},"end":{"line":93,"column":null}}},"7":{"name":"(anonymous_15)","decl":{"start":{"line":47,"column":84},"end":{"line":47,"column":null}},"loc":{"start":{"line":47,"column":84},"end":{"line":93,"column":1}}},"8":{"name":"(anonymous_16)","decl":{"start":{"line":50,"column":22},"end":{"line":50,"column":23}},"loc":{"start":{"line":51,"column":22},"end":{"line":51,"column":73}}},"9":{"name":"(anonymous_17)","decl":{"start":{"line":62,"column":9},"end":{"line":62,"column":10}},"loc":{"start":{"line":62,"column":27},"end":{"line":62,"column":79}}},"10":{"name":"(anonymous_18)","decl":{"start":{"line":70,"column":28},"end":{"line":70,"column":36}},"loc":{"start":{"line":70,"column":40},"end":{"line":70,"column":55}}},"11":{"name":"(anonymous_19)","decl":{"start":{"line":72,"column":24},"end":{"line":72,"column":30}},"loc":{"start":{"line":72,"column":33},"end":{"line":72,"column":49}}},"12":{"name":"(anonymous_20)","decl":{"start":{"line":73,"column":30},"end":{"line":73,"column":33}},"loc":{"start":{"line":73,"column":36},"end":{"line":78,"column":23}}},"13":{"name":"(anonymous_21)","decl":{"start":{"line":80,"column":28},"end":{"line":80,"column":36}},"loc":{"start":{"line":80,"column":40},"end":{"line":80,"column":55}}},"14":{"name":"(anonymous_22)","decl":{"start":{"line":82,"column":24},"end":{"line":82,"column":30}},"loc":{"start":{"line":82,"column":33},"end":{"line":82,"column":49}}},"15":{"name":"(anonymous_23)","decl":{"start":{"line":83,"column":31},"end":{"line":83,"column":34}},"loc":{"start":{"line":83,"column":37},"end":{"line":88,"column":23}}}},"branchMap":{"0":{"loc":{"start":{"line":18,"column":2},"end":{"line":20,"column":null}},"type":"if","locations":[{"start":{"line":18,"column":2},"end":{"line":20,"column":null}}]},"1":{"loc":{"start":{"line":28,"column":8},"end":{"line":30,"column":null}},"type":"if","locations":[{"start":{"line":28,"column":8},"end":{"line":30,"column":null}}]},"2":{"loc":{"start":{"line":38,"column":6},"end":{"line":40,"column":null}},"type":"if","locations":[{"start":{"line":38,"column":6},"end":{"line":40,"column":null}}]},"3":{"loc":{"start":{"line":53,"column":2},"end":{"line":55,"column":null}},"type":"if","locations":[{"start":{"line":53,"column":2},"end":{"line":55,"column":null}}]},"4":{"loc":{"start":{"line":60,"column":2},"end":{"line":66,"column":null}},"type":"if","locations":[{"start":{"line":60,"column":2},"end":{"line":66,"column":null}}]},"5":{"loc":{"start":{"line":60,"column":5},"end":{"line":60,"column":27}},"type":"binary-expr","locations":[{"start":{"line":60,"column":5},"end":{"line":60,"column":14}},{"start":{"line":60,"column":18},"end":{"line":60,"column":27}}]},"6":{"loc":{"start":{"line":62,"column":27},"end":{"line":62,"column":79}},"type":"binary-expr","locations":[{"start":{"line":62,"column":27},"end":{"line":62,"column":51}},{"start":{"line":62,"column":55},"end":{"line":62,"column":79}}]},"7":{"loc":{"start":{"line":63,"column":4},"end":{"line":65,"column":null}},"type":"if","locations":[{"start":{"line":63,"column":4},"end":{"line":65,"column":null}}]},"8":{"loc":{"start":{"line":68,"column":32},"end":{"line":88,"column":24}},"type":"cond-expr","locations":[{"start":{"line":69,"column":22},"end":{"line":78,"column":24}},{"start":{"line":79,"column":22},"end":{"line":88,"column":24}}]},"9":{"loc":{"start":{"line":68,"column":33},"end":{"line":68,"column":57}},"type":"binary-expr","locations":[{"start":{"line":68,"column":33},"end":{"line":68,"column":43}},{"start":{"line":68,"column":47},"end":{"line":68,"column":57}}]},"10":{"loc":{"start":{"line":74,"column":24},"end":{"line":76,"column":null}},"type":"if","locations":[{"start":{"line":74,"column":24},"end":{"line":76,"column":null}}]},"11":{"loc":{"start":{"line":84,"column":24},"end":{"line":86,"column":null}},"type":"if","locations":[{"start":{"line":84,"column":24},"end":{"line":86,"column":null}}]},"12":{"loc":{"start":{"line":89,"column":2},"end":{"line":91,"column":null}},"type":"if","locations":[{"start":{"line":89,"column":2},"end":{"line":91,"column":null}}]}},"s":{"0":1,"1":1,"2":1,"3":1,"4":0,"5":0,"6":0,"7":0,"8":0,"9":0,"10":0,"11":0,"12":0,"13":0,"14":0,"15":0,"16":0,"17":0,"18":0,"19":0,"20":0,"21":0,"22":1,"23":1,"24":0,"25":0,"26":0,"27":0,"28":0,"29":0,"30":0,"31":0,"32":0,"33":0,"34":0,"35":0,"36":0,"37":0,"38":0,"39":0,"40":0,"41":0,"42":0,"43":0,"44":0,"45":0,"46":0,"47":0,"48":0,"49":0,"50":1},"f":{"0":0,"1":0,"2":0,"3":0,"4":0,"5":0,"6":0,"7":0,"8":0,"9":0,"10":0,"11":0,"12":0,"13":0,"14":0,"15":0},"b":{"0":[0],"1":[0],"2":[0],"3":[0],"4":[0],"5":[0,0],"6":[0,0],"7":[0],"8":[0,0],"9":[0,0],"10":[0],"11":[0],"12":[0]}}
,"C:\\Users\\mervamsi\\Desktop\\NodeJS_Assignment\\src\\middleware\\errors.ts": {"path":"C:\\Users\\mervamsi\\Desktop\\NodeJS_Assignment\\src\\middleware\\errors.ts","statementMap":{"0":{"start":{"line":1,"column":22},"end":{"line":6,"column":1}},"1":{"start":{"line":2,"column":17},"end":{"line":2,"column":40}},"2":{"start":{"line":3,"column":18},"end":{"line":3,"column":31}},"3":{"start":{"line":4,"column":15},"end":{"line":4,"column":25}},"4":{"start":{"line":5,"column":2},"end":{"line":5,"column":60}},"5":{"start":{"line":1,"column":13},"end":{"line":1,"column":22}}},"fnMap":{"0":{"name":"(anonymous_0)","decl":{"start":{"line":1,"column":22},"end":{"line":1,"column":23}},"loc":{"start":{"line":1,"column":45},"end":{"line":6,"column":1}}}},"branchMap":{"0":{"loc":{"start":{"line":2,"column":17},"end":{"line":2,"column":40}},"type":"binary-expr","locations":[{"start":{"line":2,"column":17},"end":{"line":2,"column":33}},{"start":{"line":2,"column":37},"end":{"line":2,"column":40}}]}},"s":{"0":1,"1":1,"2":1,"3":1,"4":1,"5":1},"f":{"0":1},"b":{"0":[1,1]}}
,"C:\\Users\\mervamsi\\Desktop\\NodeJS_Assignment\\src\\middleware\\user\\user-locations.ts": {"path":"C:\\Users\\mervamsi\\Desktop\\NodeJS_Assignment\\src\\middleware\\user\\user-locations.ts","statementMap":{"0":{"start":{"line":2,"column":0},"end":{"line":2,"column":31}},"1":{"start":{"line":6,"column":13},"end":{"line":6,"column":41}},"2":{"start":{"line":7,"column":13},"end":{"line":7,"column":47}},"3":{"start":{"line":9,"column":23},"end":{"line":31,"column":null}},"4":{"start":{"line":9,"column":76},"end":{"line":31,"column":null}},"5":{"start":{"line":10,"column":2},"end":{"line":29,"column":6}},"6":{"start":{"line":11,"column":22},"end":{"line":11,"column":37}},"7":{"start":{"line":14,"column":7},"end":{"line":22,"column":null}},"8":{"start":{"line":14,"column":17},"end":{"line":14,"column":18}},"9":{"start":{"line":15,"column":9},"end":{"line":15,"column":36}},"10":{"start":{"line":16,"column":43},"end":{"line":20,"column":11}},"11":{"start":{"line":21,"column":9},"end":{"line":21,"column":43}},"12":{"start":{"line":25,"column":5},"end":{"line":27,"column":null}},"13":{"start":{"line":26,"column":7},"end":{"line":26,"column":28}},"14":{"start":{"line":28,"column":5},"end":{"line":28,"column":15}},"15":{"start":{"line":30,"column":5},"end":{"line":30,"column":12}},"16":{"start":{"line":33,"column":1},"end":{"line":33,"column":31}}},"fnMap":{"0":{"name":"(anonymous_8)","decl":{"start":{"line":9,"column":23},"end":{"line":9,"column":30}},"loc":{"start":{"line":9,"column":76},"end":{"line":31,"column":null}}},"1":{"name":"(anonymous_9)","decl":{"start":{"line":9,"column":76},"end":{"line":9,"column":null}},"loc":{"start":{"line":9,"column":76},"end":{"line":31,"column":2}}},"2":{"name":"(anonymous_10)","decl":{"start":{"line":11,"column":10},"end":{"line":11,"column":18}},"loc":{"start":{"line":11,"column":22},"end":{"line":11,"column":37}}},"3":{"name":"(anonymous_11)","decl":{"start":{"line":13,"column":5},"end":{"line":13,"column":6}},"loc":{"start":{"line":13,"column":28},"end":{"line":23,"column":6}}},"4":{"name":"(anonymous_12)","decl":{"start":{"line":24,"column":11},"end":{"line":24,"column":14}},"loc":{"start":{"line":24,"column":17},"end":{"line":29,"column":4}}}},"branchMap":{"0":{"loc":{"start":{"line":25,"column":5},"end":{"line":27,"column":null}},"type":"if","locations":[{"start":{"line":25,"column":5},"end":{"line":27,"column":null}}]}},"s":{"0":1,"1":1,"2":1,"3":1,"4":1,"5":1,"6":1,"7":1,"8":1,"9":10,"10":10,"11":10,"12":0,"13":0,"14":0,"15":1,"16":1},"f":{"0":1,"1":1,"2":1,"3":1,"4":0},"b":{"0":[0]}}
,"C:\\Users\\mervamsi\\Desktop\\NodeJS_Assignment\\src\\models\\location.ts": {"path":"C:\\Users\\mervamsi\\Desktop\\NodeJS_Assignment\\src\\models\\location.ts","statementMap":{"0":{"start":{"line":7,"column":11},"end":{"line":7,"column":26}},"1":{"start":{"line":9,"column":4},"end":{"line":9,"column":25}},"2":{"start":{"line":5,"column":0},"end":{"line":5,"column":21}}},"fnMap":{"0":{"name":"(anonymous_0)","decl":{"start":{"line":6,"column":2},"end":{"line":6,"column":null}},"loc":{"start":{"line":7,"column":26},"end":{"line":10,"column":3}}}},"branchMap":{},"s":{"0":4,"1":4,"2":2},"f":{"0":4},"b":{}}
,"C:\\Users\\mervamsi\\Desktop\\NodeJS_Assignment\\src\\routes\\guest\\guest.ts": {"path":"C:\\Users\\mervamsi\\Desktop\\NodeJS_Assignment\\src\\routes\\guest\\guest.ts","statementMap":{"0":{"start":{"line":1,"column":0},"end":{"line":1,"column":33}},"1":{"start":{"line":2,"column":0},"end":{"line":2,"column":68}},"2":{"start":{"line":3,"column":15},"end":{"line":3,"column":23}},"3":{"start":{"line":41,"column":0},"end":{"line":41,"column":29}},"4":{"start":{"line":43,"column":0},"end":{"line":43,"column":22}}},"fnMap":{},"branchMap":{},"s":{"0":1,"1":1,"2":1,"3":1,"4":1},"f":{},"b":{}}
,"C:\\Users\\mervamsi\\Desktop\\NodeJS_Assignment\\src\\routes\\user\\user.ts": {"path":"C:\\Users\\mervamsi\\Desktop\\NodeJS_Assignment\\src\\routes\\user\\user.ts","statementMap":{"0":{"start":{"line":1,"column":0},"end":{"line":1,"column":33}},"1":{"start":{"line":2,"column":0},"end":{"line":2,"column":105}},"2":{"start":{"line":3,"column":0},"end":{"line":3,"column":92}},"3":{"start":{"line":5,"column":15},"end":{"line":5,"column":23}},"4":{"start":{"line":44,"column":0},"end":{"line":44,"column":48}},"5":{"start":{"line":80,"column":0},"end":{"line":80,"column":55}},"6":{"start":{"line":116,"column":0},"end":{"line":116,"column":43}},"7":{"start":{"line":159,"column":0},"end":{"line":159,"column":51}},"8":{"start":{"line":200,"column":0},"end":{"line":200,"column":60}},"9":{"start":{"line":202,"column":0},"end":{"line":202,"column":22}}},"fnMap":{},"branchMap":{},"s":{"0":1,"1":1,"2":1,"3":1,"4":1,"5":1,"6":1,"7":1,"8":1,"9":1},"f":{},"b":{}}
,"C:\\Users\\mervamsi\\Desktop\\NodeJS_Assignment\\src\\services\\locationFinder.ts": {"path":"C:\\Users\\mervamsi\\Desktop\\NodeJS_Assignment\\src\\services\\locationFinder.ts","statementMap":{"0":{"start":{"line":2,"column":0},"end":{"line":2,"column":47}},"1":{"start":{"line":3,"column":0},"end":{"line":3,"column":31}},"2":{"start":{"line":5,"column":30},"end":{"line":14,"column":null}},"3":{"start":{"line":5,"column":65},"end":{"line":14,"column":null}},"4":{"start":{"line":7,"column":18},"end":{"line":7,"column":57}},"5":{"start":{"line":9,"column":28},"end":{"line":11,"column":112}},"6":{"start":{"line":13,"column":2},"end":{"line":13,"column":18}},"7":{"start":{"line":5,"column":13},"end":{"line":5,"column":30}}},"fnMap":{"0":{"name":"(anonymous_8)","decl":{"start":{"line":5,"column":30},"end":{"line":5,"column":37}},"loc":{"start":{"line":5,"column":65},"end":{"line":14,"column":null}}},"1":{"name":"(anonymous_9)","decl":{"start":{"line":5,"column":65},"end":{"line":5,"column":null}},"loc":{"start":{"line":5,"column":65},"end":{"line":14,"column":1}}}},"branchMap":{"0":{"loc":{"start":{"line":7,"column":18},"end":{"line":7,"column":57}},"type":"cond-expr","locations":[{"start":{"line":7,"column":37},"end":{"line":7,"column":41}},{"start":{"line":7,"column":44},"end":{"line":7,"column":57}}]},"1":{"loc":{"start":{"line":9,"column":28},"end":{"line":11,"column":112}},"type":"cond-expr","locations":[{"start":{"line":10,"column":28},"end":{"line":10,"column":100}},{"start":{"line":11,"column":28},"end":{"line":11,"column":112}}]},"2":{"loc":{"start":{"line":9,"column":30},"end":{"line":9,"column":57}},"type":"binary-expr","locations":[{"start":{"line":9,"column":30},"end":{"line":9,"column":41}},{"start":{"line":9,"column":45},"end":{"line":9,"column":57}}]}},"s":{"0":1,"1":1,"2":1,"3":2,"4":2,"5":2,"6":2,"7":1},"f":{"0":2,"1":2},"b":{"0":[1,1],"1":[1,1],"2":[2,1]}}
,"C:\\Users\\mervamsi\\Desktop\\NodeJS_Assignment\\src\\services\\weatherReport.ts": {"path":"C:\\Users\\mervamsi\\Desktop\\NodeJS_Assignment\\src\\services\\weatherReport.ts","statementMap":{"0":{"start":{"line":2,"column":0},"end":{"line":2,"column":61}},"1":{"start":{"line":3,"column":0},"end":{"line":3,"column":31}},"2":{"start":{"line":7,"column":32},"end":{"line":12,"column":null}},"3":{"start":{"line":7,"column":60},"end":{"line":12,"column":null}},"4":{"start":{"line":8,"column":32},"end":{"line":10,"column":12}},"5":{"start":{"line":11,"column":2},"end":{"line":11,"column":16}},"6":{"start":{"line":7,"column":13},"end":{"line":7,"column":32}}},"fnMap":{"0":{"name":"(anonymous_8)","decl":{"start":{"line":7,"column":32},"end":{"line":7,"column":39}},"loc":{"start":{"line":7,"column":60},"end":{"line":12,"column":null}}},"1":{"name":"(anonymous_9)","decl":{"start":{"line":7,"column":60},"end":{"line":7,"column":null}},"loc":{"start":{"line":7,"column":60},"end":{"line":12,"column":1}}}},"branchMap":{},"s":{"0":1,"1":1,"2":1,"3":1,"4":1,"5":1,"6":1},"f":{"0":1,"1":1},"b":{}}
,"C:\\Users\\mervamsi\\Desktop\\NodeJS_Assignment\\src\\utils\\swagger.ts": {"path":"C:\\Users\\mervamsi\\Desktop\\NodeJS_Assignment\\src\\utils\\swagger.ts","statementMap":{"0":{"start":{"line":3,"column":38},"end":{"line":19,"column":2}},"1":{"start":{"line":21,"column":0},"end":{"line":21,"column":23}}},"fnMap":{},"branchMap":{},"s":{"0":1,"1":1},"f":{},"b":{}}
}
