TN:
SF:src\app.ts
FNF:0
FNH:0
DA:1,1
DA:2,1
DA:3,1
DA:4,1
DA:5,1
DA:6,1
DA:7,1
DA:8,1
DA:9,1
DA:10,1
DA:12,1
DA:14,1
DA:16,1
DA:19,1
DA:20,1
DA:22,1
DA:24,1
DA:26,1
LF:18
LH:18
BRF:0
BRH:0
end_of_record
TN:
SF:src\logger.ts
FN:3,(anonymous_0)
FNF:1
FNH:1
FNDA:5,(anonymous_0)
DA:1,1
DA:3,1
DA:4,5
DA:7,1
DA:15,1
LF:5
LH:5
BRF:0
BRH:0
end_of_record
TN:
SF:src\config\config.ts
FNF:0
FNH:0
DA:1,3
DA:2,3
DA:3,3
LF:3
LH:3
BRF:0
BRH:0
end_of_record
TN:
SF:src\controllers\guest\guestController.ts
FN:15,(anonymous_8)
FN:15,(anonymous_9)
FNF:2
FNH:2
FNDA:7,(anonymous_8)
FNDA:7,(anonymous_9)
DA:2,1
DA:5,1
DA:6,1
DA:15,7
DA:16,7
DA:17,7
DA:18,1
DA:19,1
DA:21,6
DA:22,1
DA:23,1
DA:26,5
DA:28,5
DA:29,4
DA:30,1
DA:31,1
DA:37,3
DA:38,3
DA:39,1
DA:40,1
DA:42,2
DA:47,1
DA:48,1
DA:49,1
DA:51,1
LF:25
LH:25
BRDA:17,0,0,1
BRDA:17,0,1,6
BRDA:17,1,0,7
BRDA:17,1,1,5
BRDA:17,1,2,5
BRDA:21,2,0,1
BRDA:21,3,0,6
BRDA:21,3,1,2
BRDA:21,3,2,5
BRDA:29,4,0,1
BRDA:38,5,0,1
BRDA:48,6,0,1
BRF:12
BRH:12
end_of_record
TN:
SF:src\controllers\user\locationController.ts
FN:8,(anonymous_7)
FN:8,(anonymous_8)
FN:10,(anonymous_9)
FN:47,(anonymous_10)
FN:49,(anonymous_11)
FN:58,(anonymous_12)
FN:71,(anonymous_13)
FN:73,(anonymous_14)
FN:83,(anonymous_15)
FNF:9
FNH:0
FNDA:0,(anonymous_7)
FNDA:0,(anonymous_8)
FNDA:0,(anonymous_9)
FNDA:0,(anonymous_10)
FNDA:0,(anonymous_11)
FNDA:0,(anonymous_12)
FNDA:0,(anonymous_13)
FNDA:0,(anonymous_14)
FNDA:0,(anonymous_15)
DA:4,1
DA:5,1
DA:8,1
DA:9,0
DA:11,0
DA:12,0
DA:13,0
DA:15,0
DA:16,0
DA:17,0
DA:19,0
DA:20,0
DA:22,0
DA:24,0
DA:25,0
DA:29,0
DA:33,0
DA:35,0
DA:36,0
DA:37,0
DA:43,0
DA:44,0
DA:47,1
DA:48,0
DA:49,0
DA:50,0
DA:51,0
DA:53,0
DA:54,0
DA:56,0
DA:57,0
DA:58,0
DA:60,0
DA:61,0
DA:63,0
DA:65,0
DA:67,0
DA:68,0
DA:71,1
DA:73,0
DA:74,0
DA:75,0
DA:77,0
DA:78,0
DA:82,0
DA:83,0
DA:85,0
DA:86,0
DA:88,0
DA:89,0
LF:50
LH:5
BRDA:12,0,0,0
BRDA:16,1,0,0
BRDA:16,1,1,0
BRDA:16,2,0,0
BRDA:16,2,1,0
BRDA:16,2,2,0
BRDA:19,3,0,0
BRDA:19,4,0,0
BRDA:19,4,1,0
BRDA:19,4,2,0
BRDA:24,5,0,0
BRDA:36,6,0,0
BRDA:36,7,0,0
BRDA:36,7,1,0
BRDA:50,8,0,0
BRDA:53,9,0,0
BRDA:58,10,0,0
BRDA:58,10,1,0
BRDA:60,11,0,0
BRDA:63,12,0,0
BRDA:63,13,0,0
BRDA:63,13,1,0
BRDA:74,14,0,0
BRDA:83,15,0,0
BRDA:83,15,1,0
BRDA:85,16,0,0
BRF:26
BRH:0
end_of_record
TN:
SF:src\controllers\user\userController.ts
FN:13,(anonymous_8)
FN:13,(anonymous_9)
FN:15,(anonymous_10)
FN:25,(anonymous_11)
FN:27,(anonymous_12)
FN:37,(anonymous_13)
FN:47,(anonymous_14)
FN:47,(anonymous_15)
FN:50,(anonymous_16)
FN:62,(anonymous_17)
FN:70,(anonymous_18)
FN:72,(anonymous_19)
FN:73,(anonymous_20)
FN:80,(anonymous_21)
FN:82,(anonymous_22)
FN:83,(anonymous_23)
FNF:16
FNH:0
FNDA:0,(anonymous_8)
FNDA:0,(anonymous_9)
FNDA:0,(anonymous_10)
FNDA:0,(anonymous_11)
FNDA:0,(anonymous_12)
FNDA:0,(anonymous_13)
FNDA:0,(anonymous_14)
FNDA:0,(anonymous_15)
FNDA:0,(anonymous_16)
FNDA:0,(anonymous_17)
FNDA:0,(anonymous_18)
FNDA:0,(anonymous_19)
FNDA:0,(anonymous_20)
FNDA:0,(anonymous_21)
FNDA:0,(anonymous_22)
FNDA:0,(anonymous_23)
DA:1,1
DA:5,1
DA:6,1
DA:13,1
DA:14,0
DA:16,0
DA:18,0
DA:19,0
DA:21,0
DA:22,0
DA:23,0
DA:24,0
DA:25,0
DA:28,0
DA:29,0
DA:31,0
DA:38,0
DA:39,0
DA:41,0
DA:44,0
DA:47,1
DA:49,0
DA:51,0
DA:53,0
DA:54,0
DA:57,0
DA:58,0
DA:60,0
DA:61,0
DA:62,0
DA:63,0
DA:64,0
DA:68,0
DA:70,0
DA:72,0
DA:74,0
DA:75,0
DA:77,0
DA:80,0
DA:82,0
DA:84,0
DA:85,0
DA:87,0
DA:89,0
DA:90,0
DA:92,0
LF:46
LH:5
BRDA:18,0,0,0
BRDA:28,1,0,0
BRDA:38,2,0,0
BRDA:53,3,0,0
BRDA:60,4,0,0
BRDA:60,5,0,0
BRDA:60,5,1,0
BRDA:62,6,0,0
BRDA:62,6,1,0
BRDA:63,7,0,0
BRDA:68,8,0,0
BRDA:68,8,1,0
BRDA:68,9,0,0
BRDA:68,9,1,0
BRDA:74,10,0,0
BRDA:84,11,0,0
BRDA:89,12,0,0
BRF:17
BRH:0
end_of_record
TN:
SF:src\middleware\errors.ts
FN:1,(anonymous_0)
FNF:1
FNH:1
FNDA:1,(anonymous_0)
DA:1,1
DA:2,1
DA:3,1
DA:4,1
DA:5,1
LF:5
LH:5
BRDA:2,0,0,1
BRDA:2,0,1,1
BRF:2
BRH:2
end_of_record
TN:
SF:src\middleware\user\user-locations.ts
FN:9,(anonymous_8)
FN:9,(anonymous_9)
FN:11,(anonymous_10)
FN:13,(anonymous_11)
FN:24,(anonymous_12)
FNF:5
FNH:4
FNDA:1,(anonymous_8)
FNDA:1,(anonymous_9)
FNDA:1,(anonymous_10)
FNDA:1,(anonymous_11)
FNDA:0,(anonymous_12)
DA:2,1
DA:6,1
DA:7,1
DA:9,1
DA:10,1
DA:11,1
DA:14,1
DA:15,10
DA:16,10
DA:21,10
DA:25,0
DA:26,0
DA:28,0
DA:30,1
DA:33,1
LF:15
LH:12
BRDA:25,0,0,0
BRF:1
BRH:0
end_of_record
TN:
SF:src\models\location.ts
FN:6,(anonymous_0)
FNF:1
FNH:1
FNDA:4,(anonymous_0)
DA:5,2
DA:7,4
DA:9,4
LF:3
LH:3
BRF:0
BRH:0
end_of_record
TN:
SF:src\routes\guest\guest.ts
FNF:0
FNH:0
DA:1,1
DA:2,1
DA:3,1
DA:41,1
DA:43,1
LF:5
LH:5
BRF:0
BRH:0
end_of_record
TN:
SF:src\routes\user\user.ts
FNF:0
FNH:0
DA:1,1
DA:2,1
DA:3,1
DA:5,1
DA:44,1
DA:80,1
DA:116,1
DA:159,1
DA:200,1
DA:202,1
LF:10
LH:10
BRF:0
BRH:0
end_of_record
TN:
SF:src\services\locationFinder.ts
FN:5,(anonymous_8)
FN:5,(anonymous_9)
FNF:2
FNH:2
FNDA:2,(anonymous_8)
FNDA:2,(anonymous_9)
DA:2,1
DA:3,1
DA:5,2
DA:7,2
DA:9,2
DA:13,2
LF:6
LH:6
BRDA:7,0,0,1
BRDA:7,0,1,1
BRDA:9,1,0,1
BRDA:9,1,1,1
BRDA:9,2,0,2
BRDA:9,2,1,1
BRF:6
BRH:6
end_of_record
TN:
SF:src\services\weatherReport.ts
FN:7,(anonymous_8)
FN:7,(anonymous_9)
FNF:2
FNH:2
FNDA:1,(anonymous_8)
FNDA:1,(anonymous_9)
DA:2,1
DA:3,1
DA:7,1
DA:8,1
DA:11,1
LF:5
LH:5
BRF:0
BRH:0
end_of_record
TN:
SF:src\utils\swagger.ts
FNF:0
FNH:0
DA:3,1
DA:21,1
LF:2
LH:2
BRF:0
BRH:0
end_of_record
